Hungry_Hands_User/build/app/intermediates/manifest_merge_blame_file/debug/manifest-merger-blame-debug-report.txt
1<?xml version="1.0" encoding="utf-8"?>
2<manifest xmlns:android="http://schemas.android.com/apk/res/android"
3    package="com.HungryHandsCSUN.Hungry_Hands_User"
4    android:versionCode="1"
5    android:versionName="1.0.0" >
6
7    <uses-sdk
8        android:minSdkVersion="22"
9        android:targetSdkVersion="33" />
10    <!--
11         The INTERNET permission is required for development. Specifically,
12         the Flutter tool needs it to communicate with the running application
13         to allow setting breakpoints, to provide hot reload, etc.
14    -->
15    <uses-permission android:name="android.permission.INTERNET" />
15-->src\debug\AndroidManifest.xml:7:5-66
15-->src\debug\AndroidManifest.xml:7:22-64
16    <uses-permission android:name="android.permission.ACCESS_NETWORK_STATE" />
16-->[:firebase_analytics] AndroidManifest.xml:9:5-79
16-->[:firebase_analytics] AndroidManifest.xml:9:22-76
17    <uses-permission android:name="android.permission.WAKE_LOCK" />
17-->[:firebase_analytics] AndroidManifest.xml:11:5-68
17-->[:firebase_analytics] AndroidManifest.xml:11:22-65
18    <uses-permission android:name="com.google.android.gms.permission.AD_ID" />
18-->[com.google.android.gms:play-services-measurement-api:21.2.0] AndroidManifest.xml:25:5-79
18-->[com.google.android.gms:play-services-measurement-api:21.2.0] AndroidManifest.xml:25:22-76
19    <uses-permission android:name="com.google.android.finsky.permission.BIND_GET_INSTALL_REFERRER_SERVICE" />
19-->[com.google.android.gms:play-services-measurement:21.2.0] AndroidManifest.xml:26:5-110
19-->[com.google.android.gms:play-services-measurement:21.2.0] AndroidManifest.xml:26:22-107
20
21    <application
22        android:name="android.app.Application"
23        android:appComponentFactory="androidx.core.app.CoreComponentFactory"
23-->[androidx.core:core:1.6.0] AndroidManifest.xml:24:18-86
24        android:debuggable="true"
25        android:icon="@mipmap/ic_launcher"
26        android:label="myapp" >
27        <activity
28            android:name="com.example.myapp.MainActivity"
29            android:configChanges="orientation|keyboardHidden|keyboard|screenSize|smallestScreenSize|locale|layoutDirection|fontScale|screenLayout|density|uiMode"
30            android:exported="true"
31            android:hardwareAccelerated="true"
32            android:launchMode="singleTop"
33            android:theme="@style/LaunchTheme"
34            android:windowSoftInputMode="adjustResize" >
35
36            <!--
37                 Specifies an Android theme to apply to this Activity as soon as
38                 the Android process has started. This theme is visible to the user
39                 while the Flutter UI initializes. After that, this theme continues
40                 to determine the Window background behind the Flutter UI.
41            -->
42            <meta-data
43                android:name="io.flutter.embedding.android.NormalTheme"
44                android:resource="@style/NormalTheme" />
45
46            <intent-filter>
47                <action android:name="android.intent.action.MAIN" />
48
49                <category android:name="android.intent.category.LAUNCHER" />
50            </intent-filter>
51        </activity>
52        <!--
53             Don't delete the meta-data below.
54             This is used by the Flutter tool to generate GeneratedPluginRegistrant.java
55        -->
56        <meta-data
57            android:name="flutterEmbedding"
58            android:value="2" />
59
60        <service
60-->[:firebase_analytics] AndroidManifest.xml:14:9-18:19
61            android:name="com.google.firebase.components.ComponentDiscoveryService"
61-->[:firebase_analytics] AndroidManifest.xml:14:18-89
62            android:directBootAware="true"
62-->[com.google.firebase:firebase-common:20.3.0] AndroidManifest.xml:34:13-43
63            android:exported="false" >
63-->[com.google.firebase:firebase-auth:21.1.0] AndroidManifest.xml:66:13-37
64            <meta-data
64-->[:firebase_analytics] AndroidManifest.xml:15:13-17:85
65                android:name="com.google.firebase.components:io.flutter.plugins.firebase.analytics.FlutterFirebaseAppRegistrar"
65-->[:firebase_analytics] AndroidManifest.xml:16:17-128
66                android:value="com.google.firebase.components.ComponentRegistrar" />
66-->[:firebase_analytics] AndroidManifest.xml:17:17-82
67            <meta-data
67-->[:firebase_auth] AndroidManifest.xml:11:13-13:85
68                android:name="com.google.firebase.components:io.flutter.plugins.firebase.auth.FlutterFirebaseAuthRegistrar"
68-->[:firebase_auth] AndroidManifest.xml:12:17-124
69                android:value="com.google.firebase.components.ComponentRegistrar" />
69-->[:firebase_auth] AndroidManifest.xml:13:17-82
70            <meta-data
70-->[:firebase_database] AndroidManifest.xml:11:13-13:85
71                android:name="com.google.firebase.components:io.flutter.plugins.firebase.database.FlutterFirebaseAppRegistrar"
71-->[:firebase_database] AndroidManifest.xml:12:17-127
72                android:value="com.google.firebase.components.ComponentRegistrar" />
72-->[:firebase_database] AndroidManifest.xml:13:17-82
73            <meta-data
73-->[:cloud_firestore] AndroidManifest.xml:11:13-13:85
74                android:name="com.google.firebase.components:io.flutter.plugins.firebase.firestore.FlutterFirebaseFirestoreRegistrar"
74-->[:cloud_firestore] AndroidManifest.xml:12:17-134
75                android:value="com.google.firebase.components.ComponentRegistrar" />
75-->[:cloud_firestore] AndroidManifest.xml:13:17-82
76            <meta-data
76-->[:firebase_core] AndroidManifest.xml:11:13-13:85
77                android:name="com.google.firebase.components:io.flutter.plugins.firebase.core.FlutterFirebaseCoreRegistrar"
77-->[:firebase_core] AndroidManifest.xml:12:17-124
78                android:value="com.google.firebase.components.ComponentRegistrar" />
78-->[:firebase_core] AndroidManifest.xml:13:17-82
79            <meta-data
79-->[com.google.firebase:firebase-auth:21.1.0] AndroidManifest.xml:67:13-69:85
80                android:name="com.google.firebase.components:com.google.firebase.auth.FirebaseAuthRegistrar"
80-->[com.google.firebase:firebase-auth:21.1.0] AndroidManifest.xml:68:17-109
81                android:value="com.google.firebase.components.ComponentRegistrar" />
81-->[com.google.firebase:firebase-auth:21.1.0] AndroidManifest.xml:69:17-82
82            <meta-data
82-->[com.google.firebase:firebase-firestore:24.4.3] AndroidManifest.xml:19:13-21:85
83                android:name="com.google.firebase.components:com.google.firebase.firestore.FirestoreRegistrar"
83-->[com.google.firebase:firebase-firestore:24.4.3] AndroidManifest.xml:20:17-111
84                android:value="com.google.firebase.components.ComponentRegistrar" />
84-->[com.google.firebase:firebase-firestore:24.4.3] AndroidManifest.xml:21:17-82
85            <meta-data
85-->[com.google.firebase:firebase-database:20.1.0] AndroidManifest.xml:31:13-33:85
86                android:name="com.google.firebase.components:com.google.firebase.database.DatabaseRegistrar"
86-->[com.google.firebase:firebase-database:20.1.0] AndroidManifest.xml:32:17-109
87                android:value="com.google.firebase.components.ComponentRegistrar" />
87-->[com.google.firebase:firebase-database:20.1.0] AndroidManifest.xml:33:17-82
88            <meta-data
88-->[com.google.android.gms:play-services-measurement-api:21.2.0] AndroidManifest.xml:31:13-33:85
89                android:name="com.google.firebase.components:com.google.firebase.analytics.connector.internal.AnalyticsConnectorRegistrar"
89-->[com.google.android.gms:play-services-measurement-api:21.2.0] AndroidManifest.xml:32:17-139
90                android:value="com.google.firebase.components.ComponentRegistrar" />
90-->[com.google.android.gms:play-services-measurement-api:21.2.0] AndroidManifest.xml:33:17-82
91            <meta-data
91-->[com.google.firebase:firebase-installations:17.1.2] AndroidManifest.xml:17:13-19:85
92                android:name="com.google.firebase.components:com.google.firebase.installations.FirebaseInstallationsRegistrar"
92-->[com.google.firebase:firebase-installations:17.1.2] AndroidManifest.xml:18:17-127
93                android:value="com.google.firebase.components.ComponentRegistrar" />
93-->[com.google.firebase:firebase-installations:17.1.2] AndroidManifest.xml:19:17-82
94        </service>
95
96        <uses-library
96-->[androidx.window:window:1.0.0-beta04] AndroidManifest.xml:25:9-27:40
97            android:name="androidx.window.extensions"
97-->[androidx.window:window:1.0.0-beta04] AndroidManifest.xml:26:13-54
98            android:required="false" />
98-->[androidx.window:window:1.0.0-beta04] AndroidManifest.xml:27:13-37
99        <uses-library
99-->[androidx.window:window:1.0.0-beta04] AndroidManifest.xml:28:9-30:40
100            android:name="androidx.window.sidecar"
100-->[androidx.window:window:1.0.0-beta04] AndroidManifest.xml:29:13-51
101            android:required="false" />
101-->[androidx.window:window:1.0.0-beta04] AndroidManifest.xml:30:13-37
102
103        <activity
103-->[com.google.firebase:firebase-auth:21.1.0] AndroidManifest.xml:27:9-44:20
104            android:name="com.google.firebase.auth.internal.GenericIdpActivity"
104-->[com.google.firebase:firebase-auth:21.1.0] AndroidManifest.xml:28:13-80
105            android:excludeFromRecents="true"
105-->[com.google.firebase:firebase-auth:21.1.0] AndroidManifest.xml:29:13-46
106            android:exported="true"
106-->[com.google.firebase:firebase-auth:21.1.0] AndroidManifest.xml:30:13-36
107            android:launchMode="singleTask"
107-->[com.google.firebase:firebase-auth:21.1.0] AndroidManifest.xml:31:13-44
108            android:theme="@android:style/Theme.Translucent.NoTitleBar" >
108-->[com.google.firebase:firebase-auth:21.1.0] AndroidManifest.xml:32:13-72
109            <intent-filter>
109-->[com.google.firebase:firebase-auth:21.1.0] AndroidManifest.xml:33:13-43:29
110                <action android:name="android.intent.action.VIEW" />
110-->[com.google.firebase:firebase-auth:21.1.0] AndroidManifest.xml:34:17-69
110-->[com.google.firebase:firebase-auth:21.1.0] AndroidManifest.xml:34:25-66
111
112                <category android:name="android.intent.category.DEFAULT" />
112-->[com.google.firebase:firebase-auth:21.1.0] AndroidManifest.xml:36:17-76
112-->[com.google.firebase:firebase-auth:21.1.0] AndroidManifest.xml:36:27-73
113                <category android:name="android.intent.category.BROWSABLE" />
113-->[com.google.firebase:firebase-auth:21.1.0] AndroidManifest.xml:37:17-78
113-->[com.google.firebase:firebase-auth:21.1.0] AndroidManifest.xml:37:27-75
114
115                <data
115-->[com.google.firebase:firebase-auth:21.1.0] AndroidManifest.xml:39:17-42:51
116                    android:host="firebase.auth"
116-->[com.google.firebase:firebase-auth:21.1.0] AndroidManifest.xml:40:21-49
117                    android:path="/"
117-->[com.google.firebase:firebase-auth:21.1.0] AndroidManifest.xml:41:21-37
118                    android:scheme="genericidp" />
118-->[com.google.firebase:firebase-auth:21.1.0] AndroidManifest.xml:42:21-48
119            </intent-filter>
120        </activity>
121        <activity
121-->[com.google.firebase:firebase-auth:21.1.0] AndroidManifest.xml:45:9-62:20
122            android:name="com.google.firebase.auth.internal.RecaptchaActivity"
122-->[com.google.firebase:firebase-auth:21.1.0] AndroidManifest.xml:46:13-79
123            android:excludeFromRecents="true"
123-->[com.google.firebase:firebase-auth:21.1.0] AndroidManifest.xml:47:13-46
124            android:exported="true"
124-->[com.google.firebase:firebase-auth:21.1.0] AndroidManifest.xml:48:13-36
125            android:launchMode="singleTask"
125-->[com.google.firebase:firebase-auth:21.1.0] AndroidManifest.xml:49:13-44
126            android:theme="@android:style/Theme.Translucent.NoTitleBar" >
126-->[com.google.firebase:firebase-auth:21.1.0] AndroidManifest.xml:50:13-72
127            <intent-filter>
127-->[com.google.firebase:firebase-auth:21.1.0] AndroidManifest.xml:51:13-61:29
128                <action android:name="android.intent.action.VIEW" />
128-->[com.google.firebase:firebase-auth:21.1.0] AndroidManifest.xml:34:17-69
128-->[com.google.firebase:firebase-auth:21.1.0] AndroidManifest.xml:34:25-66
129
130                <category android:name="android.intent.category.DEFAULT" />
130-->[com.google.firebase:firebase-auth:21.1.0] AndroidManifest.xml:36:17-76
130-->[com.google.firebase:firebase-auth:21.1.0] AndroidManifest.xml:36:27-73
131                <category android:name="android.intent.category.BROWSABLE" />
131-->[com.google.firebase:firebase-auth:21.1.0] AndroidManifest.xml:37:17-78
131-->[com.google.firebase:firebase-auth:21.1.0] AndroidManifest.xml:37:27-75
132
133                <data
133-->[com.google.firebase:firebase-auth:21.1.0] AndroidManifest.xml:39:17-42:51
134                    android:host="firebase.auth"
134-->[com.google.firebase:firebase-auth:21.1.0] AndroidManifest.xml:40:21-49
135                    android:path="/"
135-->[com.google.firebase:firebase-auth:21.1.0] AndroidManifest.xml:41:21-37
136                    android:scheme="recaptcha" />
136-->[com.google.firebase:firebase-auth:21.1.0] AndroidManifest.xml:42:21-48
137            </intent-filter>
138        </activity>
139
140        <provider
140-->[com.google.firebase:firebase-common:20.3.0] AndroidManifest.xml:25:9-30:39
141            android:name="com.google.firebase.provider.FirebaseInitProvider"
141-->[com.google.firebase:firebase-common:20.3.0] AndroidManifest.xml:26:13-77
142            android:authorities="com.HungryHandsCSUN.Hungry_Hands_User.firebaseinitprovider"
142-->[com.google.firebase:firebase-common:20.3.0] AndroidManifest.xml:27:13-72
143            android:directBootAware="true"
143-->[com.google.firebase:firebase-common:20.3.0] AndroidManifest.xml:28:13-43
144            android:exported="false"
144-->[com.google.firebase:firebase-common:20.3.0] AndroidManifest.xml:29:13-37
145            android:initOrder="100" />
145-->[com.google.firebase:firebase-common:20.3.0] AndroidManifest.xml:30:13-36
146
147        <activity
147-->[com.google.android.gms:play-services-auth:16.0.1] AndroidManifest.xml:23:9-27:75
148            android:name="com.google.android.gms.auth.api.signin.internal.SignInHubActivity"
148-->[com.google.android.gms:play-services-auth:16.0.1] AndroidManifest.xml:24:13-93
149            android:excludeFromRecents="true"
149-->[com.google.android.gms:play-services-auth:16.0.1] AndroidManifest.xml:25:13-46
150            android:exported="false"
150-->[com.google.android.gms:play-services-auth:16.0.1] AndroidManifest.xml:26:13-37
151            android:theme="@android:style/Theme.Translucent.NoTitleBar" />
151-->[com.google.android.gms:play-services-auth:16.0.1] AndroidManifest.xml:27:13-72
152        <!--
153            Service handling Google Sign-In user revocation. For apps that do not integrate with
154            Google Sign-In, this service will never be started.
155        -->
156        <service
156-->[com.google.android.gms:play-services-auth:16.0.1] AndroidManifest.xml:33:9-36:110
157            android:name="com.google.android.gms.auth.api.signin.RevocationBoundService"
157-->[com.google.android.gms:play-services-auth:16.0.1] AndroidManifest.xml:34:13-89
158            android:exported="true"
158-->[com.google.android.gms:play-services-auth:16.0.1] AndroidManifest.xml:35:13-36
159            android:permission="com.google.android.gms.auth.api.signin.permission.REVOCATION_NOTIFICATION" />
159-->[com.google.android.gms:play-services-auth:16.0.1] AndroidManifest.xml:36:13-107
160
161        <activity
161-->[com.google.android.gms:play-services-base:18.1.0] AndroidManifest.xml:20:9-22:45
162            android:name="com.google.android.gms.common.api.GoogleApiActivity"
162-->[com.google.android.gms:play-services-base:18.1.0] AndroidManifest.xml:20:19-85
163            android:exported="false"
163-->[com.google.android.gms:play-services-base:18.1.0] AndroidManifest.xml:22:19-43
164            android:theme="@android:style/Theme.Translucent.NoTitleBar" />
164-->[com.google.android.gms:play-services-base:18.1.0] AndroidManifest.xml:21:19-78
165
166        <receiver
166-->[com.google.android.gms:play-services-measurement:21.2.0] AndroidManifest.xml:29:9-33:20
167            android:name="com.google.android.gms.measurement.AppMeasurementReceiver"
167-->[com.google.android.gms:play-services-measurement:21.2.0] AndroidManifest.xml:30:13-85
168            android:enabled="true"
168-->[com.google.android.gms:play-services-measurement:21.2.0] AndroidManifest.xml:31:13-35
169            android:exported="false" >
169-->[com.google.android.gms:play-services-measurement:21.2.0] AndroidManifest.xml:32:13-37
170        </receiver>
171
172        <service
172-->[com.google.android.gms:play-services-measurement:21.2.0] AndroidManifest.xml:35:9-38:40
173            android:name="com.google.android.gms.measurement.AppMeasurementService"
173-->[com.google.android.gms:play-services-measurement:21.2.0] AndroidManifest.xml:36:13-84
174            android:enabled="true"
174-->[com.google.android.gms:play-services-measurement:21.2.0] AndroidManifest.xml:37:13-35
175            android:exported="false" />
175-->[com.google.android.gms:play-services-measurement:21.2.0] AndroidManifest.xml:38:13-37
176        <service
176-->[com.google.android.gms:play-services-measurement:21.2.0] AndroidManifest.xml:39:9-43:72
177            android:name="com.google.android.gms.measurement.AppMeasurementJobService"
177-->[com.google.android.gms:play-services-measurement:21.2.0] AndroidManifest.xml:40:13-87
178            android:enabled="true"
178-->[com.google.android.gms:play-services-measurement:21.2.0] AndroidManifest.xml:41:13-35
179            android:exported="false"
179-->[com.google.android.gms:play-services-measurement:21.2.0] AndroidManifest.xml:42:13-37
180            android:permission="android.permission.BIND_JOB_SERVICE" />
180-->[com.google.android.gms:play-services-measurement:21.2.0] AndroidManifest.xml:43:13-69
181
182        <meta-data
182-->[com.google.android.gms:play-services-basement:18.1.0] AndroidManifest.xml:21:9-23:69
183            android:name="com.google.android.gms.version"
183-->[com.google.android.gms:play-services-basement:18.1.0] AndroidManifest.xml:22:13-58
184            android:value="@integer/google_play_services_version" />
184-->[com.google.android.gms:play-services-basement:18.1.0] AndroidManifest.xml:23:13-66
185    </application>
186
187</manifest>